{
  "stats": {
    "suites": 1,
    "tests": 2,
    "passes": 2,
    "pending": 0,
    "failures": 0,
    "start": "2022-04-23T18:52:27.741Z",
    "end": "2022-04-23T18:52:27.794Z",
    "duration": 53,
    "testsRegistered": 2,
    "passPercent": 100,
    "pendingPercent": 0,
    "other": 0,
    "hasOther": false,
    "skipped": 0,
    "hasSkipped": false
  },
  "results": [
    {
      "uuid": "0078d427-3fd0-4e71-87b2-596d782448b0",
      "title": "",
      "fullFile": "C:\\Users\\0.o\\Desktop\\TheMonkeBot\\Test\\commands.test.js",
      "file": "\\Test\\commands.test.js",
      "beforeHooks": [],
      "afterHooks": [],
      "tests": [],
      "suites": [
        {
          "uuid": "a718cab2-a208-406e-96ef-2cc53a08e62a",
          "title": "Test different commands",
          "fullFile": "C:\\Users\\0.o\\Desktop\\TheMonkeBot\\Test\\commands.test.js",
          "file": "\\Test\\commands.test.js",
          "beforeHooks": [],
          "afterHooks": [],
          "tests": [
            {
              "title": "Test DB connections",
              "fullTitle": "Test different commands Test DB connections",
              "timedOut": false,
              "duration": 43,
              "state": "passed",
              "speed": "medium",
              "pass": true,
              "fail": false,
              "pending": false,
              "context": null,
              "code": "const connection1 = await client.command.get('dbconnection').execute(\"true\");\nconst connection2 = await client.command.get('dbconnection').execute(\"false\");\n\nexpect(connection1).to.be.a('Object')\nexpect(connection2).to.be.a('Object')\n\nconnection1.end();\nconnection2.end();",
              "err": {},
              "uuid": "89b2cf45-a399-4fb0-9567-3251b5859d1a",
              "parentUUID": "a718cab2-a208-406e-96ef-2cc53a08e62a",
              "isHook": false,
              "skipped": false
            },
            {
              "title": "Test that channels are returned properly",
              "fullTitle": "Test different commands Test that channels are returned properly",
              "timedOut": false,
              "duration": 0,
              "state": "passed",
              "speed": "fast",
              "pass": true,
              "fail": false,
              "pending": false,
              "context": null,
              "code": "const getChannel = require(\"../commands/getChannelId\");\nexpect(getChannel(client, 'op-match-announcement')).to.be.a('string').that.equals(\"Channel doesn't exist\");",
              "err": {},
              "uuid": "d7bb2e4b-4449-4f41-ac42-5efea95d84a5",
              "parentUUID": "a718cab2-a208-406e-96ef-2cc53a08e62a",
              "isHook": false,
              "skipped": false
            }
          ],
          "suites": [],
          "passes": [
            "89b2cf45-a399-4fb0-9567-3251b5859d1a",
            "d7bb2e4b-4449-4f41-ac42-5efea95d84a5"
          ],
          "failures": [],
          "pending": [],
          "skipped": [],
          "duration": 43,
          "root": false,
          "rootEmpty": false,
          "_timeout": 2000
        }
      ],
      "passes": [],
      "failures": [],
      "pending": [],
      "skipped": [],
      "duration": 0,
      "root": true,
      "rootEmpty": true,
      "_timeout": 2000
    }
  ],
  "meta": {
    "mocha": {
      "version": "9.2.2"
    },
    "mochawesome": {
      "options": {
        "quiet": false,
        "reportFilename": "mochawesome",
        "saveHtml": true,
        "saveJson": true,
        "consoleReporter": "spec",
        "useInlineDiffs": false,
        "code": true
      },
      "version": "7.1.3"
    },
    "marge": {
      "options": null,
      "version": "6.2.0"
    }
  }
}