{
  "stats": {
    "suites": 1,
    "tests": 2,
    "passes": 2,
    "pending": 0,
    "failures": 0,
    "start": "2022-04-23T18:12:08.950Z",
    "end": "2022-04-23T18:12:09.010Z",
    "duration": 60,
    "testsRegistered": 2,
    "passPercent": 100,
    "pendingPercent": 0,
    "other": 0,
    "hasOther": false,
    "skipped": 0,
    "hasSkipped": false
  },
  "results": [
    {
      "uuid": "61892c76-a1f7-4be7-aea7-6c1a4d577050",
      "title": "",
      "fullFile": "C:\\Users\\0.o\\Desktop\\TheMonkeBot\\test\\commands.test.js",
      "file": "\\test\\commands.test.js",
      "beforeHooks": [],
      "afterHooks": [],
      "tests": [],
      "suites": [
        {
          "uuid": "99afec7a-e287-4204-9ebb-91f24910d204",
          "title": "Test different commands",
          "fullFile": "C:\\Users\\0.o\\Desktop\\TheMonkeBot\\test\\commands.test.js",
          "file": "\\test\\commands.test.js",
          "beforeHooks": [],
          "afterHooks": [],
          "tests": [
            {
              "title": "Test DB connections",
              "fullTitle": "Test different commands Test DB connections",
              "timedOut": false,
              "duration": 50,
              "state": "passed",
              "speed": "medium",
              "pass": true,
              "fail": false,
              "pending": false,
              "context": null,
              "code": "const connection1 = await client.command.get('dbconnection').execute(\"true\");\nconst connection2 = await client.command.get('dbconnection').execute(\"false\");\n\nexpect(connection1).to.be.a('Object')\nexpect(connection2).to.be.a('Object')\n\nconnection1.end();\nconnection2.end();",
              "err": {},
              "uuid": "7b8aa58b-5bb4-4731-97c2-b32c65e0e02c",
              "parentUUID": "99afec7a-e287-4204-9ebb-91f24910d204",
              "isHook": false,
              "skipped": false
            },
            {
              "title": "Test that channels are returned properly",
              "fullTitle": "Test different commands Test that channels are returned properly",
              "timedOut": false,
              "duration": 0,
              "state": "passed",
              "speed": "fast",
              "pass": true,
              "fail": false,
              "pending": false,
              "context": null,
              "code": "const getChannel = require(\"../commands/getChannelId\");\nexpect(getChannel(client, 'op-match-announcement')).to.be.a('string').that.equals(\"Channel doesn't exist\");",
              "err": {},
              "uuid": "9b374a00-c29e-43c7-9e45-d03400613672",
              "parentUUID": "99afec7a-e287-4204-9ebb-91f24910d204",
              "isHook": false,
              "skipped": false
            }
          ],
          "suites": [],
          "passes": [
            "7b8aa58b-5bb4-4731-97c2-b32c65e0e02c",
            "9b374a00-c29e-43c7-9e45-d03400613672"
          ],
          "failures": [],
          "pending": [],
          "skipped": [],
          "duration": 50,
          "root": false,
          "rootEmpty": false,
          "_timeout": 2000
        }
      ],
      "passes": [],
      "failures": [],
      "pending": [],
      "skipped": [],
      "duration": 0,
      "root": true,
      "rootEmpty": true,
      "_timeout": 2000
    }
  ],
  "meta": {
    "mocha": {
      "version": "9.2.2"
    },
    "mochawesome": {
      "options": {
        "quiet": false,
        "reportFilename": "mochawesome",
        "saveHtml": true,
        "saveJson": true,
        "consoleReporter": "spec",
        "useInlineDiffs": false,
        "code": true
      },
      "version": "7.1.3"
    },
    "marge": {
      "options": null,
      "version": "6.2.0"
    }
  }
}