{
  "stats": {
    "suites": 1,
    "tests": 2,
    "passes": 2,
    "pending": 0,
    "failures": 0,
    "start": "2022-04-24T12:57:08.303Z",
    "end": "2022-04-24T12:57:08.359Z",
    "duration": 56,
    "testsRegistered": 2,
    "passPercent": 100,
    "pendingPercent": 0,
    "other": 0,
    "hasOther": false,
    "skipped": 0,
    "hasSkipped": false
  },
  "results": [
    {
      "uuid": "d64b34c7-67de-4944-91b9-a7f201122775",
      "title": "",
      "fullFile": "C:\\Users\\0.o\\Desktop\\TheMonkeBot\\Test\\commands.test.js",
      "file": "\\Test\\commands.test.js",
      "beforeHooks": [],
      "afterHooks": [],
      "tests": [],
      "suites": [
        {
          "uuid": "63879cc3-9f44-420b-9672-a01da6f13989",
          "title": "Test different commands",
          "fullFile": "C:\\Users\\0.o\\Desktop\\TheMonkeBot\\Test\\commands.test.js",
          "file": "\\Test\\commands.test.js",
          "beforeHooks": [],
          "afterHooks": [],
          "tests": [
            {
              "title": "Test DB connections",
              "fullTitle": "Test different commands Test DB connections",
              "timedOut": false,
              "duration": 45,
              "state": "passed",
              "speed": "medium",
              "pass": true,
              "fail": false,
              "pending": false,
              "context": null,
              "code": "const connection1 = await client.command.get('dbconnection').execute(\"true\");\nconst connection2 = await client.command.get('dbconnection').execute(\"false\");\n\nexpect(connection1).to.be.a('Object')\nexpect(connection2).to.be.a('Object')\n\nconnection1.end();\nconnection2.end();",
              "err": {},
              "uuid": "d2798aa8-8d86-4daf-a733-4c1a189af3f8",
              "parentUUID": "63879cc3-9f44-420b-9672-a01da6f13989",
              "isHook": false,
              "skipped": false
            },
            {
              "title": "Test that channels are returned properly",
              "fullTitle": "Test different commands Test that channels are returned properly",
              "timedOut": false,
              "duration": 0,
              "state": "passed",
              "speed": "fast",
              "pass": true,
              "fail": false,
              "pending": false,
              "context": null,
              "code": "const getChannel = require(\"../commands/getChannelId\");\nexpect(getChannel(client, 'op-match-announcement')).to.be.a('string').that.equals(\"Channel doesn't exist\");",
              "err": {},
              "uuid": "8cc1a745-bbef-4541-bb22-099bc7bae3e1",
              "parentUUID": "63879cc3-9f44-420b-9672-a01da6f13989",
              "isHook": false,
              "skipped": false
            }
          ],
          "suites": [],
          "passes": [
            "d2798aa8-8d86-4daf-a733-4c1a189af3f8",
            "8cc1a745-bbef-4541-bb22-099bc7bae3e1"
          ],
          "failures": [],
          "pending": [],
          "skipped": [],
          "duration": 45,
          "root": false,
          "rootEmpty": false,
          "_timeout": 2000
        }
      ],
      "passes": [],
      "failures": [],
      "pending": [],
      "skipped": [],
      "duration": 0,
      "root": true,
      "rootEmpty": true,
      "_timeout": 2000
    }
  ],
  "meta": {
    "mocha": {
      "version": "9.2.2"
    },
    "mochawesome": {
      "options": {
        "quiet": false,
        "reportFilename": "mochawesome",
        "saveHtml": true,
        "saveJson": true,
        "consoleReporter": "spec",
        "useInlineDiffs": false,
        "code": true
      },
      "version": "7.1.3"
    },
    "marge": {
      "options": null,
      "version": "6.2.0"
    }
  }
}