{
  "stats": {
    "suites": 1,
    "tests": 2,
    "passes": 2,
    "pending": 0,
    "failures": 0,
    "start": "2022-04-23T17:14:06.413Z",
    "end": "2022-04-23T17:14:06.469Z",
    "duration": 56,
    "testsRegistered": 2,
    "passPercent": 100,
    "pendingPercent": 0,
    "other": 0,
    "hasOther": false,
    "skipped": 0,
    "hasSkipped": false
  },
  "results": [
    {
      "uuid": "5dbaea70-5b1f-43fe-88a2-d92f13401305",
      "title": "",
      "fullFile": "C:\\Users\\0.o\\Desktop\\TheMonkeBot\\test\\commands.test.js",
      "file": "\\test\\commands.test.js",
      "beforeHooks": [],
      "afterHooks": [],
      "tests": [],
      "suites": [
        {
          "uuid": "e0b36678-7097-425e-a369-adcded071a02",
          "title": "Test different commands",
          "fullFile": "C:\\Users\\0.o\\Desktop\\TheMonkeBot\\test\\commands.test.js",
          "file": "\\test\\commands.test.js",
          "beforeHooks": [],
          "afterHooks": [],
          "tests": [
            {
              "title": "Test DB connections",
              "fullTitle": "Test different commands Test DB connections",
              "timedOut": false,
              "duration": 46,
              "state": "passed",
              "speed": "medium",
              "pass": true,
              "fail": false,
              "pending": false,
              "context": null,
              "code": "const connection1 = await client.command.get('dbconnection').execute(\"true\");\nconst connection2 = await client.command.get('dbconnection').execute(\"false\");\n\nexpect(connection1).to.be.a('Object')\nexpect(connection2).to.be.a('Object')\n\nconnection1.end();\nconnection2.end();",
              "err": {},
              "uuid": "a85a4085-4420-4695-abc7-cf73f36ec80a",
              "parentUUID": "e0b36678-7097-425e-a369-adcded071a02",
              "isHook": false,
              "skipped": false
            },
            {
              "title": "Test that channels are returned properly",
              "fullTitle": "Test different commands Test that channels are returned properly",
              "timedOut": false,
              "duration": 0,
              "state": "passed",
              "speed": "fast",
              "pass": true,
              "fail": false,
              "pending": false,
              "context": null,
              "code": "const getChannel = require(\"../commands/getChannelId\");\nexpect(getChannel(client, 'op-match-announcement')).to.be.a('string').that.equals(\"Channel doesn't exist\");",
              "err": {},
              "uuid": "d7dbe74c-c26c-4776-a7a0-afc3caccc110",
              "parentUUID": "e0b36678-7097-425e-a369-adcded071a02",
              "isHook": false,
              "skipped": false
            }
          ],
          "suites": [],
          "passes": [
            "a85a4085-4420-4695-abc7-cf73f36ec80a",
            "d7dbe74c-c26c-4776-a7a0-afc3caccc110"
          ],
          "failures": [],
          "pending": [],
          "skipped": [],
          "duration": 46,
          "root": false,
          "rootEmpty": false,
          "_timeout": 2000
        }
      ],
      "passes": [],
      "failures": [],
      "pending": [],
      "skipped": [],
      "duration": 0,
      "root": true,
      "rootEmpty": true,
      "_timeout": 2000
    }
  ],
  "meta": {
    "mocha": {
      "version": "9.2.2"
    },
    "mochawesome": {
      "options": {
        "quiet": false,
        "reportFilename": "mochawesome",
        "saveHtml": true,
        "saveJson": true,
        "consoleReporter": "spec",
        "useInlineDiffs": false,
        "code": true
      },
      "version": "7.1.3"
    },
    "marge": {
      "options": null,
      "version": "6.2.0"
    }
  }
}